2025/05/27 07:04:12 [notice] 1#1: using the "epoll" event method
2025/05/27 07:04:12 [notice] 1#1: nginx/1.25.1
2025/05/27 07:04:12 [notice] 1#1: built by gcc 12.2.0 (Debian 12.2.0-14) 
2025/05/27 07:04:12 [notice] 1#1: OS: Linux 5.15.167.4-microsoft-standard-WSL2
2025/05/27 07:04:12 [notice] 1#1: getrlimit(RLIMIT_NOFILE): 1048576:1048576
2025/05/27 07:04:12 [notice] 1#1: start worker processes
2025/05/27 07:04:12 [notice] 1#1: start worker process 20
2025/05/27 07:04:12 [notice] 1#1: start worker process 21
2025/05/27 07:04:12 [notice] 1#1: start worker process 22
2025/05/27 07:04:12 [notice] 1#1: start worker process 23
2025/05/27 07:04:12 [notice] 1#1: start worker process 24
2025/05/27 07:04:12 [notice] 1#1: start worker process 25
2025/05/27 07:04:12 [notice] 1#1: start worker process 26
2025/05/27 07:04:12 [notice] 1#1: start worker process 27
2025/05/27 07:04:12 [notice] 1#1: start worker process 28
2025/05/27 07:04:12 [notice] 1#1: start worker process 29
2025/05/27 07:04:12 [notice] 1#1: start worker process 30
2025/05/27 07:04:12 [notice] 1#1: start worker process 31
2025/05/27 07:04:12 [notice] 1#1: start worker process 32
2025/05/27 07:04:12 [notice] 1#1: start worker process 33
2025/05/27 07:04:12 [notice] 1#1: start worker process 34
2025/05/27 07:04:12 [notice] 1#1: start worker process 35
2025/05/27 07:21:39 [notice] 36#36: signal process started
2025/05/27 07:21:39 [notice] 1#1: signal 1 (SIGHUP) received from 36, reconfiguring
2025/05/27 07:21:39 [notice] 1#1: reconfiguring
2025/05/27 07:21:39 [notice] 1#1: using the "epoll" event method
2025/05/27 07:21:39 [notice] 1#1: start worker processes
2025/05/27 07:21:39 [notice] 1#1: start worker process 43
2025/05/27 07:21:39 [notice] 1#1: start worker process 44
2025/05/27 07:21:39 [notice] 1#1: start worker process 45
2025/05/27 07:21:39 [notice] 1#1: start worker process 46
2025/05/27 07:21:39 [notice] 1#1: start worker process 47
2025/05/27 07:21:39 [notice] 1#1: start worker process 48
2025/05/27 07:21:39 [notice] 1#1: start worker process 49
2025/05/27 07:21:39 [notice] 1#1: start worker process 50
2025/05/27 07:21:39 [notice] 1#1: start worker process 51
2025/05/27 07:21:39 [notice] 1#1: start worker process 52
2025/05/27 07:21:39 [notice] 1#1: start worker process 53
2025/05/27 07:21:39 [notice] 1#1: start worker process 54
2025/05/27 07:21:39 [notice] 1#1: start worker process 55
2025/05/27 07:21:39 [notice] 1#1: start worker process 56
2025/05/27 07:21:39 [notice] 1#1: start worker process 57
2025/05/27 07:21:39 [notice] 1#1: start worker process 58
2025/05/27 07:21:39 [notice] 21#21: gracefully shutting down
2025/05/27 07:21:39 [notice] 24#24: gracefully shutting down
2025/05/27 07:21:39 [notice] 22#22: gracefully shutting down
2025/05/27 07:21:39 [notice] 26#26: gracefully shutting down
2025/05/27 07:21:39 [notice] 27#27: gracefully shutting down
2025/05/27 07:21:39 [notice] 28#28: gracefully shutting down
2025/05/27 07:21:39 [notice] 30#30: gracefully shutting down
2025/05/27 07:21:39 [notice] 31#31: gracefully shutting down
2025/05/27 07:21:39 [notice] 34#34: gracefully shutting down
2025/05/27 07:21:39 [notice] 35#35: gracefully shutting down
2025/05/27 07:21:39 [notice] 29#29: gracefully shutting down
2025/05/27 07:21:39 [notice] 32#32: gracefully shutting down
2025/05/27 07:21:39 [notice] 20#20: gracefully shutting down
2025/05/27 07:21:39 [notice] 23#23: gracefully shutting down
2025/05/27 07:21:39 [notice] 25#25: gracefully shutting down
2025/05/27 07:21:39 [notice] 33#33: gracefully shutting down
2025/05/27 07:21:39 [notice] 21#21: exiting
2025/05/27 07:21:39 [notice] 24#24: exiting
2025/05/27 07:21:39 [notice] 22#22: exiting
2025/05/27 07:21:39 [notice] 26#26: exiting
2025/05/27 07:21:39 [notice] 27#27: exiting
2025/05/27 07:21:39 [notice] 28#28: exiting
2025/05/27 07:21:39 [notice] 26#26: exit
2025/05/27 07:21:39 [notice] 30#30: exiting
2025/05/27 07:21:39 [notice] 31#31: exiting
2025/05/27 07:21:39 [notice] 34#34: exiting
2025/05/27 07:21:39 [notice] 35#35: exiting
2025/05/27 07:21:39 [notice] 29#29: exiting
2025/05/27 07:21:39 [notice] 32#32: exiting
2025/05/27 07:21:39 [notice] 20#20: exiting
2025/05/27 07:21:39 [notice] 25#25: exiting
2025/05/27 07:21:39 [notice] 23#23: exiting
2025/05/27 07:21:39 [notice] 33#33: exiting
2025/05/27 07:21:39 [notice] 21#21: exit
2025/05/27 07:21:39 [notice] 24#24: exit
2025/05/27 07:21:39 [notice] 22#22: exit
2025/05/27 07:21:39 [notice] 27#27: exit
2025/05/27 07:21:39 [notice] 28#28: exit
2025/05/27 07:21:39 [notice] 31#31: exit
2025/05/27 07:21:39 [notice] 30#30: exit
2025/05/27 07:21:39 [notice] 29#29: exit
2025/05/27 07:21:39 [notice] 35#35: exit
2025/05/27 07:21:39 [notice] 32#32: exit
2025/05/27 07:21:39 [notice] 34#34: exit
2025/05/27 07:21:39 [notice] 20#20: exit
2025/05/27 07:21:39 [notice] 25#25: exit
2025/05/27 07:21:39 [notice] 33#33: exit
2025/05/27 07:21:39 [notice] 23#23: exit
2025/05/27 07:21:39 [notice] 1#1: signal 17 (SIGCHLD) received from 22
2025/05/27 07:21:39 [notice] 1#1: worker process 21 exited with code 0
2025/05/27 07:21:39 [notice] 1#1: worker process 22 exited with code 0
2025/05/27 07:21:39 [notice] 1#1: worker process 24 exited with code 0
2025/05/27 07:21:39 [notice] 1#1: worker process 26 exited with code 0
2025/05/27 07:21:39 [notice] 1#1: worker process 29 exited with code 0
2025/05/27 07:21:39 [notice] 1#1: worker process 35 exited with code 0
2025/05/27 07:21:39 [notice] 1#1: signal 29 (SIGIO) received
2025/05/27 07:21:39 [notice] 1#1: signal 17 (SIGCHLD) received from 21
2025/05/27 07:21:39 [notice] 1#1: signal 17 (SIGCHLD) received from 31
2025/05/27 07:21:39 [notice] 1#1: worker process 23 exited with code 0
2025/05/27 07:21:39 [notice] 1#1: worker process 28 exited with code 0
2025/05/27 07:21:39 [notice] 1#1: worker process 31 exited with code 0
2025/05/27 07:21:39 [notice] 1#1: signal 29 (SIGIO) received
2025/05/27 07:21:39 [notice] 1#1: signal 17 (SIGCHLD) received from 27
2025/05/27 07:21:39 [notice] 1#1: worker process 25 exited with code 0
2025/05/27 07:21:39 [notice] 1#1: worker process 27 exited with code 0
2025/05/27 07:21:39 [notice] 1#1: worker process 32 exited with code 0
2025/05/27 07:21:39 [notice] 1#1: worker process 33 exited with code 0
2025/05/27 07:21:39 [notice] 1#1: worker process 34 exited with code 0
2025/05/27 07:21:39 [notice] 1#1: signal 29 (SIGIO) received
2025/05/27 07:21:39 [notice] 1#1: signal 17 (SIGCHLD) received from 32
2025/05/27 07:21:39 [notice] 1#1: signal 17 (SIGCHLD) received from 30
2025/05/27 07:21:39 [notice] 1#1: worker process 30 exited with code 0
2025/05/27 07:21:39 [notice] 1#1: worker process 20 exited with code 0
2025/05/27 07:21:39 [notice] 1#1: signal 29 (SIGIO) received
2025/05/27 07:21:39 [notice] 1#1: signal 17 (SIGCHLD) received from 20
2025/05/27 07:59:51 [notice] 1#1: using the "epoll" event method
2025/05/27 07:59:51 [notice] 1#1: nginx/1.25.1
2025/05/27 07:59:51 [notice] 1#1: built by gcc 12.2.0 (Debian 12.2.0-14) 
2025/05/27 07:59:51 [notice] 1#1: OS: Linux 5.15.167.4-microsoft-standard-WSL2
2025/05/27 07:59:51 [notice] 1#1: getrlimit(RLIMIT_NOFILE): 1048576:1048576
2025/05/27 07:59:51 [notice] 1#1: start worker processes
2025/05/27 07:59:51 [notice] 1#1: start worker process 20
2025/05/27 07:59:51 [notice] 1#1: start worker process 21
2025/05/27 07:59:51 [notice] 1#1: start worker process 22
2025/05/27 07:59:51 [notice] 1#1: start worker process 23
2025/05/27 07:59:51 [notice] 1#1: start worker process 24
2025/05/27 07:59:51 [notice] 1#1: start worker process 25
2025/05/27 07:59:51 [notice] 1#1: start worker process 26
2025/05/27 07:59:51 [notice] 1#1: start worker process 27
2025/05/27 07:59:51 [notice] 1#1: start worker process 28
2025/05/27 07:59:51 [notice] 1#1: start worker process 29
2025/05/27 07:59:51 [notice] 1#1: start worker process 30
2025/05/27 07:59:51 [notice] 1#1: start worker process 31
2025/05/27 07:59:51 [notice] 1#1: start worker process 32
2025/05/27 07:59:51 [notice] 1#1: start worker process 33
2025/05/27 07:59:51 [notice] 1#1: start worker process 34
2025/05/27 07:59:51 [notice] 1#1: start worker process 35
2025/05/27 11:20:09 [notice] 1#1: signal 3 (SIGQUIT) received, shutting down
2025/05/27 11:20:09 [notice] 24#24: gracefully shutting down
2025/05/27 11:20:09 [notice] 26#26: gracefully shutting down
2025/05/27 11:20:09 [notice] 22#22: gracefully shutting down
2025/05/27 11:20:09 [notice] 23#23: gracefully shutting down
2025/05/27 11:20:09 [notice] 25#25: gracefully shutting down
2025/05/27 11:20:09 [notice] 29#29: gracefully shutting down
2025/05/27 11:20:09 [notice] 27#27: gracefully shutting down
2025/05/27 11:20:09 [notice] 20#20: gracefully shutting down
2025/05/27 11:20:09 [notice] 30#30: gracefully shutting down
2025/05/27 11:20:09 [notice] 23#23: exiting
2025/05/27 11:20:09 [notice] 31#31: gracefully shutting down
2025/05/27 11:20:09 [notice] 29#29: exiting
2025/05/27 11:20:09 [notice] 21#21: gracefully shutting down
2025/05/27 11:20:09 [notice] 20#20: exiting
2025/05/27 11:20:09 [notice] 28#28: gracefully shutting down
2025/05/27 11:20:09 [notice] 34#34: gracefully shutting down
2025/05/27 11:20:09 [notice] 31#31: exiting
2025/05/27 11:20:09 [notice] 32#32: gracefully shutting down
2025/05/27 11:20:09 [notice] 33#33: gracefully shutting down
2025/05/27 11:20:09 [notice] 35#35: gracefully shutting down
2025/05/27 11:20:09 [notice] 24#24: exiting
2025/05/27 11:20:09 [notice] 26#26: exiting
2025/05/27 11:20:09 [notice] 22#22: exiting
2025/05/27 11:20:09 [notice] 25#25: exiting
2025/05/27 11:20:09 [notice] 27#27: exiting
2025/05/27 11:20:09 [notice] 21#21: exiting
2025/05/27 11:20:09 [notice] 28#28: exiting
2025/05/27 11:20:09 [notice] 34#34: exiting
2025/05/27 11:20:09 [notice] 32#32: exiting
2025/05/27 11:20:09 [notice] 30#30: exiting
2025/05/27 11:20:09 [notice] 33#33: exiting
2025/05/27 11:20:09 [notice] 35#35: exiting
2025/05/27 11:20:09 [notice] 22#22: exit
2025/05/27 11:20:09 [notice] 25#25: exit
2025/05/27 11:20:09 [notice] 20#20: exit
2025/05/27 11:20:09 [notice] 29#29: exit
2025/05/27 11:20:09 [notice] 35#35: exit
2025/05/27 11:20:09 [notice] 27#27: exit
2025/05/27 11:20:09 [notice] 31#31: exit
2025/05/27 11:20:09 [notice] 34#34: exit
2025/05/27 11:20:09 [notice] 33#33: exit
2025/05/27 11:20:09 [notice] 28#28: exit
2025/05/27 11:20:09 [notice] 24#24: exit
2025/05/27 11:20:09 [notice] 21#21: exit
2025/05/27 11:20:09 [notice] 30#30: exit
2025/05/27 11:20:09 [notice] 23#23: exit
2025/05/27 11:20:09 [notice] 32#32: exit
2025/05/27 11:20:09 [notice] 26#26: exit
2025/05/27 11:20:09 [notice] 1#1: signal 17 (SIGCHLD) received from 27
2025/05/27 11:20:09 [notice] 1#1: worker process 20 exited with code 0
2025/05/27 11:20:09 [notice] 1#1: worker process 21 exited with code 0
2025/05/27 11:20:09 [notice] 1#1: worker process 22 exited with code 0
2025/05/27 11:20:09 [notice] 1#1: worker process 23 exited with code 0
2025/05/27 11:20:09 [notice] 1#1: worker process 24 exited with code 0
2025/05/27 11:20:09 [notice] 1#1: worker process 25 exited with code 0
2025/05/27 11:20:09 [notice] 1#1: worker process 26 exited with code 0
2025/05/27 11:20:09 [notice] 1#1: worker process 27 exited with code 0
2025/05/27 11:20:09 [notice] 1#1: worker process 30 exited with code 0
2025/05/27 11:20:09 [notice] 1#1: worker process 31 exited with code 0
2025/05/27 11:20:09 [notice] 1#1: worker process 33 exited with code 0
2025/05/27 11:20:09 [notice] 1#1: worker process 34 exited with code 0
2025/05/27 11:20:09 [notice] 1#1: worker process 35 exited with code 0
2025/05/27 11:20:09 [notice] 1#1: signal 29 (SIGIO) received
2025/05/27 11:20:09 [notice] 1#1: signal 17 (SIGCHLD) received from 23
2025/05/27 11:20:09 [notice] 1#1: signal 17 (SIGCHLD) received from 29
2025/05/27 11:20:09 [notice] 1#1: worker process 29 exited with code 0
2025/05/27 11:20:09 [notice] 1#1: signal 29 (SIGIO) received
2025/05/27 11:20:09 [notice] 1#1: signal 17 (SIGCHLD) received from 28
2025/05/27 11:20:09 [notice] 1#1: worker process 28 exited with code 0
2025/05/27 11:20:09 [notice] 1#1: signal 29 (SIGIO) received
2025/05/27 11:20:09 [notice] 1#1: signal 17 (SIGCHLD) received from 32
2025/05/27 11:20:09 [notice] 1#1: worker process 32 exited with code 0
2025/05/27 11:20:09 [notice] 1#1: exit
2025/05/27 11:20:11 [notice] 1#1: using the "epoll" event method
2025/05/27 11:20:11 [notice] 1#1: nginx/1.25.1
2025/05/27 11:20:11 [notice] 1#1: built by gcc 12.2.0 (Debian 12.2.0-14) 
2025/05/27 11:20:11 [notice] 1#1: OS: Linux 5.15.167.4-microsoft-standard-WSL2
2025/05/27 11:20:11 [notice] 1#1: getrlimit(RLIMIT_NOFILE): 1048576:1048576
2025/05/27 11:20:11 [notice] 1#1: start worker processes
2025/05/27 11:20:11 [notice] 1#1: start worker process 20
2025/05/27 11:20:11 [notice] 1#1: start worker process 21
2025/05/27 11:20:11 [notice] 1#1: start worker process 22
2025/05/27 11:20:11 [notice] 1#1: start worker process 23
2025/05/27 11:20:11 [notice] 1#1: start worker process 24
2025/05/27 11:20:11 [notice] 1#1: start worker process 25
2025/05/27 11:20:11 [notice] 1#1: start worker process 26
2025/05/27 11:20:11 [notice] 1#1: start worker process 27
2025/05/27 11:20:11 [notice] 1#1: start worker process 28
2025/05/27 11:20:11 [notice] 1#1: start worker process 29
2025/05/27 11:20:11 [notice] 1#1: start worker process 30
2025/05/27 11:20:11 [notice] 1#1: start worker process 31
2025/05/27 11:20:11 [notice] 1#1: start worker process 32
2025/05/27 11:20:11 [notice] 1#1: start worker process 33
2025/05/27 11:20:11 [notice] 1#1: start worker process 34
2025/05/27 11:20:11 [notice] 1#1: start worker process 35
2025/05/28 00:12:54 [notice] 1#1: signal 3 (SIGQUIT) received, shutting down
2025/05/28 00:12:54 [notice] 26#26: gracefully shutting down
2025/05/28 00:12:54 [notice] 24#24: gracefully shutting down
2025/05/28 00:12:54 [notice] 23#23: gracefully shutting down
2025/05/28 00:12:54 [notice] 33#33: gracefully shutting down
2025/05/28 00:12:54 [notice] 21#21: gracefully shutting down
2025/05/28 00:12:54 [notice] 20#20: gracefully shutting down
2025/05/28 00:12:54 [notice] 22#22: gracefully shutting down
2025/05/28 00:12:54 [notice] 27#27: gracefully shutting down
2025/05/28 00:12:54 [notice] 28#28: gracefully shutting down
2025/05/28 00:12:54 [notice] 27#27: exiting
2025/05/28 00:12:54 [notice] 25#25: gracefully shutting down
2025/05/28 00:12:54 [notice] 30#30: gracefully shutting down
2025/05/28 00:12:54 [notice] 31#31: gracefully shutting down
2025/05/28 00:12:54 [notice] 32#32: gracefully shutting down
2025/05/28 00:12:54 [notice] 29#29: gracefully shutting down
2025/05/28 00:12:54 [notice] 35#35: gracefully shutting down
2025/05/28 00:12:54 [notice] 24#24: exiting
2025/05/28 00:12:54 [notice] 34#34: gracefully shutting down
2025/05/28 00:12:54 [notice] 26#26: exiting
2025/05/28 00:12:54 [notice] 24#24: exit
2025/05/28 00:12:54 [notice] 33#33: exiting
2025/05/28 00:12:54 [notice] 23#23: exiting
2025/05/28 00:12:54 [notice] 21#21: exiting
2025/05/28 00:12:54 [notice] 20#20: exiting
2025/05/28 00:12:54 [notice] 22#22: exiting
2025/05/28 00:12:54 [notice] 28#28: exiting
2025/05/28 00:12:54 [notice] 30#30: exiting
2025/05/28 00:12:54 [notice] 25#25: exiting
2025/05/28 00:12:54 [notice] 31#31: exiting
2025/05/28 00:12:54 [notice] 32#32: exiting
2025/05/28 00:12:54 [notice] 29#29: exiting
2025/05/28 00:12:54 [notice] 35#35: exiting
2025/05/28 00:12:54 [notice] 27#27: exit
2025/05/28 00:12:54 [notice] 34#34: exiting
2025/05/28 00:12:54 [notice] 26#26: exit
2025/05/28 00:12:54 [notice] 33#33: exit
2025/05/28 00:12:54 [notice] 23#23: exit
2025/05/28 00:12:54 [notice] 21#21: exit
2025/05/28 00:12:54 [notice] 20#20: exit
2025/05/28 00:12:54 [notice] 22#22: exit
2025/05/28 00:12:54 [notice] 28#28: exit
2025/05/28 00:12:54 [notice] 30#30: exit
2025/05/28 00:12:54 [notice] 25#25: exit
2025/05/28 00:12:54 [notice] 31#31: exit
2025/05/28 00:12:54 [notice] 32#32: exit
2025/05/28 00:12:54 [notice] 29#29: exit
2025/05/28 00:12:54 [notice] 35#35: exit
2025/05/28 00:12:54 [notice] 34#34: exit
2025/05/28 00:12:55 [notice] 1#1: signal 17 (SIGCHLD) received from 24
2025/05/28 00:12:55 [notice] 1#1: worker process 24 exited with code 0
2025/05/28 00:12:55 [notice] 1#1: worker process 30 exited with code 0
2025/05/28 00:12:55 [notice] 1#1: worker process 32 exited with code 0
2025/05/28 00:12:55 [notice] 1#1: worker process 34 exited with code 0
2025/05/28 00:12:55 [notice] 1#1: signal 29 (SIGIO) received
2025/05/28 00:12:55 [notice] 1#1: signal 17 (SIGCHLD) received from 32
2025/05/28 00:12:55 [notice] 1#1: signal 17 (SIGCHLD) received from 31
2025/05/28 00:12:55 [notice] 1#1: worker process 20 exited with code 0
2025/05/28 00:12:55 [notice] 1#1: worker process 21 exited with code 0
2025/05/28 00:12:55 [notice] 1#1: worker process 27 exited with code 0
2025/05/28 00:12:55 [notice] 1#1: worker process 28 exited with code 0
2025/05/28 00:12:55 [notice] 1#1: worker process 31 exited with code 0
2025/05/28 00:12:55 [notice] 1#1: worker process 35 exited with code 0
2025/05/28 00:12:55 [notice] 1#1: signal 29 (SIGIO) received
2025/05/28 00:12:55 [notice] 1#1: signal 17 (SIGCHLD) received from 20
2025/05/28 00:12:55 [notice] 1#1: signal 17 (SIGCHLD) received from 26
2025/05/28 00:12:55 [notice] 1#1: worker process 26 exited with code 0
2025/05/28 00:12:55 [notice] 1#1: signal 29 (SIGIO) received
2025/05/28 00:12:55 [notice] 1#1: signal 17 (SIGCHLD) received from 22
2025/05/28 00:12:55 [notice] 1#1: worker process 22 exited with code 0
2025/05/28 00:12:55 [notice] 1#1: worker process 23 exited with code 0
2025/05/28 00:12:55 [notice] 1#1: worker process 25 exited with code 0
2025/05/28 00:12:55 [notice] 1#1: worker process 29 exited with code 0
2025/05/28 00:12:55 [notice] 1#1: worker process 33 exited with code 0
2025/05/28 00:12:55 [notice] 1#1: exit
2025/05/28 00:32:36 [notice] 1#1: using the "epoll" event method
2025/05/28 00:32:36 [notice] 1#1: nginx/1.25.1
2025/05/28 00:32:36 [notice] 1#1: built by gcc 12.2.0 (Debian 12.2.0-14) 
2025/05/28 00:32:36 [notice] 1#1: OS: Linux 5.15.167.4-microsoft-standard-WSL2
2025/05/28 00:32:36 [notice] 1#1: getrlimit(RLIMIT_NOFILE): 1048576:1048576
2025/05/28 00:32:36 [notice] 1#1: start worker processes
2025/05/28 00:32:36 [notice] 1#1: start worker process 20
2025/05/28 00:32:36 [notice] 1#1: start worker process 21
2025/05/28 00:32:36 [notice] 1#1: start worker process 22
2025/05/28 00:32:36 [notice] 1#1: start worker process 23
2025/05/28 00:32:36 [notice] 1#1: start worker process 24
2025/05/28 00:32:36 [notice] 1#1: start worker process 25
2025/05/28 00:32:36 [notice] 1#1: start worker process 26
2025/05/28 00:32:36 [notice] 1#1: start worker process 27
2025/05/28 00:32:36 [notice] 1#1: start worker process 28
2025/05/28 00:32:36 [notice] 1#1: start worker process 29
2025/05/28 00:32:36 [notice] 1#1: start worker process 30
2025/05/28 00:32:36 [notice] 1#1: start worker process 31
2025/05/28 00:32:36 [notice] 1#1: start worker process 32
2025/05/28 00:32:36 [notice] 1#1: start worker process 33
2025/05/28 00:32:36 [notice] 1#1: start worker process 34
2025/05/28 00:32:36 [notice] 1#1: start worker process 35
2025/05/28 00:51:37 [notice] 1#1: signal 3 (SIGQUIT) received, shutting down
2025/05/28 00:51:37 [notice] 28#28: gracefully shutting down
2025/05/28 00:51:37 [notice] 25#25: gracefully shutting down
2025/05/28 00:51:37 [notice] 30#30: gracefully shutting down
2025/05/28 00:51:37 [notice] 26#26: gracefully shutting down
2025/05/28 00:51:37 [notice] 22#22: gracefully shutting down
2025/05/28 00:51:37 [notice] 31#31: gracefully shutting down
2025/05/28 00:51:37 [notice] 22#22: exiting
2025/05/28 00:51:37 [notice] 29#29: gracefully shutting down
2025/05/28 00:51:37 [notice] 20#20: gracefully shutting down
2025/05/28 00:51:37 [notice] 29#29: exiting
2025/05/28 00:51:37 [notice] 35#35: gracefully shutting down
2025/05/28 00:51:37 [notice] 22#22: exit
2025/05/28 00:51:37 [notice] 32#32: gracefully shutting down
2025/05/28 00:51:37 [notice] 21#21: gracefully shutting down
2025/05/28 00:51:37 [notice] 23#23: gracefully shutting down
2025/05/28 00:51:37 [notice] 24#24: gracefully shutting down
2025/05/28 00:51:37 [notice] 27#27: gracefully shutting down
2025/05/28 00:51:37 [notice] 33#33: gracefully shutting down
2025/05/28 00:51:37 [notice] 27#27: exiting
2025/05/28 00:51:37 [notice] 34#34: gracefully shutting down
2025/05/28 00:51:37 [notice] 28#28: exiting
2025/05/28 00:51:37 [notice] 25#25: exiting
2025/05/28 00:51:37 [notice] 30#30: exiting
2025/05/28 00:51:37 [notice] 26#26: exiting
2025/05/28 00:51:37 [notice] 30#30: exit
2025/05/28 00:51:37 [notice] 31#31: exiting
2025/05/28 00:51:37 [notice] 20#20: exiting
2025/05/28 00:51:37 [notice] 31#31: exit
2025/05/28 00:51:37 [notice] 29#29: exit
2025/05/28 00:51:37 [notice] 35#35: exiting
2025/05/28 00:51:37 [notice] 32#32: exiting
2025/05/28 00:51:37 [notice] 21#21: exiting
2025/05/28 00:51:37 [notice] 23#23: exiting
2025/05/28 00:51:37 [notice] 24#24: exiting
2025/05/28 00:51:37 [notice] 33#33: exiting
2025/05/28 00:51:37 [notice] 27#27: exit
2025/05/28 00:51:37 [notice] 28#28: exit
2025/05/28 00:51:37 [notice] 34#34: exiting
2025/05/28 00:51:37 [notice] 25#25: exit
2025/05/28 00:51:37 [notice] 26#26: exit
2025/05/28 00:51:37 [notice] 20#20: exit
2025/05/28 00:51:37 [notice] 32#32: exit
2025/05/28 00:51:37 [notice] 35#35: exit
2025/05/28 00:51:37 [notice] 23#23: exit
2025/05/28 00:51:37 [notice] 21#21: exit
2025/05/28 00:51:37 [notice] 24#24: exit
2025/05/28 00:51:37 [notice] 33#33: exit
2025/05/28 00:51:37 [notice] 34#34: exit
2025/05/28 00:51:37 [notice] 1#1: signal 17 (SIGCHLD) received from 32
2025/05/28 00:51:37 [notice] 1#1: worker process 21 exited with code 0
2025/05/28 00:51:37 [notice] 1#1: worker process 20 exited with code 0
2025/05/28 00:51:37 [notice] 1#1: worker process 22 exited with code 0
2025/05/28 00:51:37 [notice] 1#1: worker process 24 exited with code 0
2025/05/28 00:51:37 [notice] 1#1: worker process 25 exited with code 0
2025/05/28 00:51:37 [notice] 1#1: worker process 29 exited with code 0
2025/05/28 00:51:37 [notice] 1#1: worker process 30 exited with code 0
2025/05/28 00:51:37 [notice] 1#1: worker process 31 exited with code 0
2025/05/28 00:51:37 [notice] 1#1: worker process 32 exited with code 0
2025/05/28 00:51:37 [notice] 1#1: worker process 34 exited with code 0
2025/05/28 00:51:37 [notice] 1#1: worker process 35 exited with code 0
2025/05/28 00:51:37 [notice] 1#1: signal 29 (SIGIO) received
2025/05/28 00:51:37 [notice] 1#1: signal 17 (SIGCHLD) received from 25
2025/05/28 00:51:37 [notice] 1#1: worker process 27 exited with code 0
2025/05/28 00:51:37 [notice] 1#1: signal 29 (SIGIO) received
2025/05/28 00:51:37 [notice] 1#1: signal 17 (SIGCHLD) received from 27
2025/05/28 00:51:37 [notice] 1#1: signal 17 (SIGCHLD) received from 33
2025/05/28 00:51:37 [notice] 1#1: worker process 23 exited with code 0
2025/05/28 00:51:37 [notice] 1#1: worker process 26 exited with code 0
2025/05/28 00:51:37 [notice] 1#1: worker process 28 exited with code 0
2025/05/28 00:51:37 [notice] 1#1: worker process 33 exited with code 0
2025/05/28 00:51:37 [notice] 1#1: exit
